<?xml version="1.0" encoding="UTF-8"?>
<testsuite xmlns:xsi="http://www.w3.org/2001/XMLSchema-instance" xsi:noNamespaceSchemaLocation="https://maven.apache.org/surefire/maven-surefire-plugin/xsd/surefire-test-report-3.0.xsd" version="3.0" name="de.lmu.tutor.buglib.BugLibraryTest" time="0.533" tests="11" errors="0" skipped="0" failures="0">
  <properties>
[...]
</properties>
  <testcase name="mehrFehlerSenktErfolgswahrscheinlichkeit" classname="de.lmu.tutor.buglib.BugLibraryTest" time="0.011"/>
  <testcase name="b09IstEnthalten" classname="de.lmu.tutor.buglib.BugLibraryTest" time="0.038"/>
  <testcase name="naechsteKategorieIstDieSchwaechste" classname="de.lmu.tutor.buglib.BugLibraryTest" time="0.007"/>
  <testcase name="laedtGenau14Kategorien" classname="de.lmu.tutor.buglib.BugLibraryTest" time="0.007"/>
  <testcase name="ohneDatenIstWahrscheinlichkeitEinHalb" classname="de.lmu.tutor.buglib.BugLibraryTest" time="0.004"/>
  <testcase name="mehrErfolgErhoehtErfolgswahrscheinlichkeit" classname="de.lmu.tutor.buglib.BugLibraryTest" time="0.004"/>
  <testcase name="unbekannteKategorieWirftFehler" classname="de.lmu.tutor.buglib.BugLibraryTest" time="0.013"/>
  <testcase name="jedeKategorieHatPflichtfelder" classname="de.lmu.tutor.buglib.BugLibraryTest" time="0.017"/>
  <testcase name="alleIdsB01BisB14Vorhanden" classname="de.lmu.tutor.buglib.BugLibraryTest" time="0.037"/>
  <testcase name="b05HatUntertyp" classname="de.lmu.tutor.buglib.BugLibraryTest" time="0.008"/>
  <testcase name="jedeKategorieHatMindestensDreiFeedbackStufen" classname="de.lmu.tutor.buglib.BugLibraryTest" time="0.007"/>
</testsuite>